2019-01-07 11:20:45,809 - logger.py[line:42] - INFO - ***调试模式***
2019-01-07 11:20:45,916 - logger.py[line:40] - DEBUG - DBSQLSTATEMENT - select xf_caseid from xf_casedebug where xf_executeuser = 'Sincave' and xf_caseid is not null order by xf_caseid
2019-01-07 11:20:45,917 - logger.py[line:40] - DEBUG - DBRESULTS - [{'XF_CASEID': 'DirectGr01'}]
2019-01-07 11:20:45,920 - logger.py[line:40] - DEBUG - DBSQLSTATEMENT - select xf_mixid from xf_casedebug where xf_executeuser = 'Sincave' and xf_mixid is not null order by xf_mixid
2019-01-07 11:20:45,921 - logger.py[line:40] - DEBUG - DBRESULTS - []
2019-01-07 11:20:46,066 - logger.py[line:42] - INFO - <开始生成基础测试用例>
2019-01-07 11:20:46,093 - logger.py[line:40] - DEBUG - DBSQLSTATEMENT - select * from xf_testcase where xf_caseid='DirectGr01' order by xf_tsid
2019-01-07 11:20:46,096 - logger.py[line:40] - DEBUG - DBRESULTS - [{'XF_CASEID': 'DirectGr01', 'XF_CASEDESC': '直接收货菜单', 'XF_TSID': 'TS01', 'XF_TSDESC': '点击仓储管理', 'XF_ACTION': 'click', 'XF_OPVALUES': "//span[text()='仓储管理']", 'XF_IFMIX': None}, {'XF_CASEID': 'DirectGr01', 'XF_CASEDESC': None, 'XF_TSID': 'TS02', 'XF_TSDESC': '点击收货', 'XF_ACTION': 'click', 'XF_OPVALUES': "//span[text()='收货']", 'XF_IFMIX': None}, {'XF_CASEID': 'DirectGr01', 'XF_CASEDESC': None, 'XF_TSID': 'TS03', 'XF_TSDESC': '点击直接收货维护(颜色/尺码)', 'XF_ACTION': 'click', 'XF_OPVALUES': "//span[text()='直接收货维护']", 'XF_IFMIX': None}, {'XF_CASEID': 'DirectGr01', 'XF_CASEDESC': '直接收货', 'XF_TSID': 'TS04', 'XF_TSDESC': '点击新增按钮', 'XF_ACTION': 'click', 'XF_OPVALUES': "//span[text()='新增']", 'XF_IFMIX': None}, {'XF_CASEID': 'DirectGr01', 'XF_CASEDESC': None, 'XF_TSID': 'TS05', 'XF_TSDESC': '选择供应商', 'XF_ACTION': 'select', 'XF_OPVALUES': "//div[@id='XF_SUPPCODE']/input##TT (TT)", 'XF_IFMIX': None}, {'XF_CASEID': 'DirectGr01', 'XF_CASEDESC': None, 'XF_TSID': 'TS06', 'XF_TSDESC': '选择收货地点', 'XF_ACTION': 'select', 'XF_OPVALUES': "//div[@id='XF_GRFINALLOCATION']/input##尚潮时装 (SC)", 'XF_IFMIX': None}, {'XF_CASEID': 'DirectGr01', 'XF_CASEDESC': None, 'XF_TSID': 'TS07', 'XF_TSDESC': '点击增加按钮', 'XF_ACTION': 'click', 'XF_OPVALUES': "//div[@class='v-slot v-slot-toolbar-23']/div/span", 'XF_IFMIX': None}, {'XF_CASEID': 'DirectGr01', 'XF_CASEDESC': None, 'XF_TSID': 'TS08', 'XF_TSDESC': '输入货品', 'XF_ACTION': 'input_text', 'XF_OPVALUES': "//input[@id='GR.XF_PLU-0']##LP001", 'XF_IFMIX': None}, {'XF_CASEID': 'DirectGr01', 'XF_CASEDESC': None, 'XF_TSID': 'TS09', 'XF_TSDESC': '输入数量', 'XF_ACTION': 'input_text', 'XF_OPVALUES': "//input[@id='GR.XF_GRQTY-0']##100", 'XF_IFMIX': None}, {'XF_CASEID': 'DirectGr01', 'XF_CASEDESC': None, 'XF_TSID': 'TS10', 'XF_TSDESC': '输入单位成本', 'XF_ACTION': 'input_text', 'XF_OPVALUES': "//input[@id='GR.XF_GRUNITCOST-0']##3500", 'XF_IFMIX': None}, {'XF_CASEID': 'DirectGr01', 'XF_CASEDESC': None, 'XF_TSID': 'TS11', 'XF_TSDESC': '点击离开', 'XF_ACTION': 'click', 'XF_OPVALUES': "//span[text()='离开']", 'XF_IFMIX': None}, {'XF_CASEID': 'DirectGr01', 'XF_CASEDESC': None, 'XF_TSID': 'TS12', 'XF_TSDESC': '点击是', 'XF_ACTION': 'click', 'XF_OPVALUES': "//span[text()='是']", 'XF_IFMIX': None}, {'XF_CASEID': 'DirectGr01', 'XF_CASEDESC': None, 'XF_TSID': 'TS13', 'XF_TSDESC': '判断是否新增成功', 'XF_ACTION': 'assert_in_prompt', 'XF_OPVALUES': '新增成功##add fail', 'XF_IFMIX': None}]
2019-01-07 11:20:46,097 - logger.py[line:42] - INFO - 已生成用例 test_DirectGr01
2019-01-07 11:20:46,098 - logger.py[line:42] - INFO - <基础测试用例生成结束>
2019-01-07 11:20:46,207 - logger.py[line:42] - INFO - 没有需要组合的用例
2019-01-07 11:20:46,208 - logger.py[line:42] - INFO - <开始加载测试用例>
2019-01-07 11:20:46,209 - logger.py[line:42] - INFO - 已加载基础测试用例 ['test_DirectGr01']
2019-01-07 11:20:46,210 - logger.py[line:42] - INFO - 已加载全部测试用例 ['test_DirectGr01']
2019-01-07 11:20:46,212 - logger.py[line:42] - INFO - <测试用例加载结束>
2019-01-07 11:20:46,213 - logger.py[line:40] - DEBUG - <开始组合测试套件>
2019-01-07 11:20:46,214 - logger.py[line:40] - DEBUG - 已组合全部测试套件 <unittest.suite.TestSuite tests=[<engine.executionengine.DemoTestCase testMethod=test_DirectGr01>]>
2019-01-07 11:20:46,215 - logger.py[line:40] - DEBUG - <测试套件组合结束>
2019-01-07 11:20:46,305 - logger.py[line:42] - INFO - 【开始执行用例】
2019-01-07 11:20:58,184 - logger.py[line:42] - INFO - 打开网址 http://172.31.1.126/OK66/
2019-01-07 11:21:01,309 - logger.py[line:42] - INFO - 输入文本 SZ001
2019-01-07 11:21:02,900 - logger.py[line:42] - INFO - 登录用户 SZ001
2019-01-07 11:21:05,094 - logger.py[line:42] - INFO - 输入文本 SZ001
2019-01-07 11:21:05,096 - logger.py[line:42] - INFO - 登录密码 SZ001
2019-01-07 11:21:06,911 - logger.py[line:42] - INFO - **************************************************START**************************************************
2019-01-07 11:21:06,912 - logger.py[line:42] - INFO - 正在执行用例 DirectGr01 的 TS01 点击仓储管理 click //span[text()='仓储管理']
2019-01-07 11:21:09,338 - logger.py[line:42] - INFO - 正在执行用例 DirectGr01 的 TS02 点击收货 click //span[text()='收货']
2019-01-07 11:21:11,420 - logger.py[line:42] - INFO - 正在执行用例 DirectGr01 的 TS03 点击直接收货维护(颜色/尺码) click //span[text()='直接收货维护']
2019-01-07 11:21:13,011 - logger.py[line:42] - INFO - 正在执行用例 DirectGr01 的 TS04 点击新增按钮 click //span[text()='新增']
2019-01-07 11:21:15,508 - logger.py[line:42] - INFO - 正在执行用例 DirectGr01 的 TS05 选择供应商 select //div[@id='XF_SUPPCODE']/input##TT (TT)
2019-01-07 11:21:17,880 - logger.py[line:42] - INFO - 输入文本 TT (TT)
2019-01-07 11:21:19,451 - logger.py[line:42] - INFO - 正在执行用例 DirectGr01 的 TS06 选择收货地点 select //div[@id='XF_GRFINALLOCATION']/input##尚潮时装 (SC)
2019-01-07 11:21:21,807 - logger.py[line:42] - INFO - 输入文本 尚潮时装 (SC)
2019-01-07 11:21:23,381 - logger.py[line:42] - INFO - 正在执行用例 DirectGr01 的 TS07 点击增加按钮 click //div[@class='v-slot v-slot-toolbar-23']/div/span
2019-01-07 11:21:25,015 - logger.py[line:42] - INFO - 正在执行用例 DirectGr01 的 TS08 输入货品 input_text //input[@id='GR.XF_PLU-0']##LP001
2019-01-07 11:21:27,225 - logger.py[line:42] - INFO - 输入文本 LP001
2019-01-07 11:21:27,226 - logger.py[line:42] - INFO - 正在执行用例 DirectGr01 的 TS09 输入数量 input_text //input[@id='GR.XF_GRQTY-0']##100
2019-01-07 11:21:29,925 - logger.py[line:42] - INFO - 输入文本 100
2019-01-07 11:21:29,926 - logger.py[line:42] - INFO - 正在执行用例 DirectGr01 的 TS10 输入单位成本 input_text //input[@id='GR.XF_GRUNITCOST-0']##3500
2019-01-07 11:21:32,133 - logger.py[line:42] - INFO - 输入文本 3500
2019-01-07 11:21:32,134 - logger.py[line:42] - INFO - 正在执行用例 DirectGr01 的 TS11 点击离开 click //span[text()='离开']
2019-01-07 11:21:33,746 - logger.py[line:42] - INFO - 正在执行用例 DirectGr01 的 TS12 点击是 click //span[text()='是']
2019-01-07 11:21:35,353 - logger.py[line:42] - INFO - 正在执行用例 DirectGr01 的 TS13 判断是否新增成功 assert_in_prompt 新增成功##add fail
2019-01-07 11:21:37,240 - logger.py[line:42] - INFO - ***************************************************END***************************************************
2019-01-07 11:21:37,243 - logger.py[line:42] - INFO - 执行用例时间: 0:00:50.882910 
2019-01-07 11:21:40,101 - logger.py[line:42] - INFO - 【结束执行用例】
2019-01-07 11:21:40,102 - logger.py[line:42] - INFO - 
